2013/10/22 14:03:21 [error] [exception.CDbException] exception 'CDbException' with message 'CDbConnection failed to open the DB connection: SQLSTATE[HY000] [2002] Can't connect to local MySQL server through socket '/tmp/mysql.sock' (2)' in /home/deploy/placements/framework/db/CDbConnection.php:382
Stack trace:
#0 /home/deploy/placements/framework/db/CDbConnection.php(330): CDbConnection->open()
#1 /home/deploy/placements/framework/db/CDbConnection.php(308): CDbConnection->setActive(true)
#2 /home/deploy/placements/framework/base/CModule.php(387): CDbConnection->init()
#3 /home/deploy/placements/framework/base/CApplication.php(450): CModule->getComponent('db')
#4 /home/deploy/placements/framework/db/ar/CActiveRecord.php(634): CApplication->getDb()
#5 /home/deploy/placements/framework/db/ar/CActiveRecord.php(2361): CActiveRecord->getDbConnection()
#6 /home/deploy/placements/framework/db/ar/CActiveRecord.php(411): CActiveRecordMetaData->__construct(Object(RegistrationForm))
#7 /home/deploy/placements/framework/db/ar/CActiveRecord.php(79): CActiveRecord->getMetaData()
#8 /home/deploy/placements/protected/controllers/RegistrationFormController.php(114): CActiveRecord->__construct()
#9 /home/deploy/placements/framework/web/actions/CInlineAction.php(49): RegistrationFormController->actionNew()
#10 /home/deploy/placements/framework/web/CController.php(308): CInlineAction->runWithParams(Array)
#11 /home/deploy/placements/framework/web/filters/CFilterChain.php(133): CController->runAction(Object(CInlineAction))
#12 /home/deploy/placements/framework/web/filters/CFilter.php(40): CFilterChain->run()
#13 /home/deploy/placements/framework/web/CController.php(1145): CFilter->filter(Object(CFilterChain))
#14 /home/deploy/placements/framework/web/filters/CInlineFilter.php(58): CController->filterAccessControl(Object(CFilterChain))
#15 /home/deploy/placements/framework/web/filters/CFilterChain.php(130): CInlineFilter->filter(Object(CFilterChain))
#16 /home/deploy/placements/framework/web/CController.php(291): CFilterChain->run()
#17 /home/deploy/placements/framework/web/CController.php(265): CController->runActionWithFilters(Object(CInlineAction), Array)
#18 /home/deploy/placements/framework/web/CWebApplication.php(282): CController->run('new')
#19 /home/deploy/placements/framework/web/CWebApplication.php(141): CWebApplication->runController('registrationFor...')
#20 /home/deploy/placements/framework/base/CApplication.php(180): CWebApplication->processRequest()
#21 /home/deploy/placements/index.php(14): CApplication->run()
#22 {main}
REQUEST_URI=/index.php?r=registrationForm/new&college=IIMA
HTTP_REFERER=http://internship.hitwicket.com/
---
2013/10/22 14:04:08 [error] [exception.CDbException] exception 'CDbException' with message 'CDbConnection failed to open the DB connection: SQLSTATE[28000] [1045] Access denied for user 'root'@'localhost' (using password: YES)' in /home/deploy/placements/framework/db/CDbConnection.php:382
Stack trace:
#0 /home/deploy/placements/framework/db/CDbConnection.php(330): CDbConnection->open()
#1 /home/deploy/placements/framework/db/CDbConnection.php(308): CDbConnection->setActive(true)
#2 /home/deploy/placements/framework/base/CModule.php(387): CDbConnection->init()
#3 /home/deploy/placements/framework/base/CApplication.php(450): CModule->getComponent('db')
#4 /home/deploy/placements/framework/db/ar/CActiveRecord.php(634): CApplication->getDb()
#5 /home/deploy/placements/framework/db/ar/CActiveRecord.php(2361): CActiveRecord->getDbConnection()
#6 /home/deploy/placements/framework/db/ar/CActiveRecord.php(411): CActiveRecordMetaData->__construct(Object(RegistrationForm))
#7 /home/deploy/placements/framework/db/ar/CActiveRecord.php(79): CActiveRecord->getMetaData()
#8 /home/deploy/placements/protected/controllers/RegistrationFormController.php(114): CActiveRecord->__construct()
#9 /home/deploy/placements/framework/web/actions/CInlineAction.php(49): RegistrationFormController->actionNew()
#10 /home/deploy/placements/framework/web/CController.php(308): CInlineAction->runWithParams(Array)
#11 /home/deploy/placements/framework/web/filters/CFilterChain.php(133): CController->runAction(Object(CInlineAction))
#12 /home/deploy/placements/framework/web/filters/CFilter.php(40): CFilterChain->run()
#13 /home/deploy/placements/framework/web/CController.php(1145): CFilter->filter(Object(CFilterChain))
#14 /home/deploy/placements/framework/web/filters/CInlineFilter.php(58): CController->filterAccessControl(Object(CFilterChain))
#15 /home/deploy/placements/framework/web/filters/CFilterChain.php(130): CInlineFilter->filter(Object(CFilterChain))
#16 /home/deploy/placements/framework/web/CController.php(291): CFilterChain->run()
#17 /home/deploy/placements/framework/web/CController.php(265): CController->runActionWithFilters(Object(CInlineAction), Array)
#18 /home/deploy/placements/framework/web/CWebApplication.php(282): CController->run('new')
#19 /home/deploy/placements/framework/web/CWebApplication.php(141): CWebApplication->runController('registrationFor...')
#20 /home/deploy/placements/framework/base/CApplication.php(180): CWebApplication->processRequest()
#21 /home/deploy/placements/index.php(14): CApplication->run()
#22 {main}
REQUEST_URI=/index.php?r=registrationForm/new&college=IIMA
HTTP_REFERER=http://internship.hitwicket.com/
---
2013/10/22 14:04:25 [error] [exception.CDbException] exception 'CDbException' with message 'CDbConnection failed to open the DB connection: SQLSTATE[42000] [1049] Unknown database 'placements'' in /home/deploy/placements/framework/db/CDbConnection.php:382
Stack trace:
#0 /home/deploy/placements/framework/db/CDbConnection.php(330): CDbConnection->open()
#1 /home/deploy/placements/framework/db/CDbConnection.php(308): CDbConnection->setActive(true)
#2 /home/deploy/placements/framework/base/CModule.php(387): CDbConnection->init()
#3 /home/deploy/placements/framework/base/CApplication.php(450): CModule->getComponent('db')
#4 /home/deploy/placements/framework/db/ar/CActiveRecord.php(634): CApplication->getDb()
#5 /home/deploy/placements/framework/db/ar/CActiveRecord.php(2361): CActiveRecord->getDbConnection()
#6 /home/deploy/placements/framework/db/ar/CActiveRecord.php(411): CActiveRecordMetaData->__construct(Object(RegistrationForm))
#7 /home/deploy/placements/framework/db/ar/CActiveRecord.php(79): CActiveRecord->getMetaData()
#8 /home/deploy/placements/protected/controllers/RegistrationFormController.php(114): CActiveRecord->__construct()
#9 /home/deploy/placements/framework/web/actions/CInlineAction.php(49): RegistrationFormController->actionNew()
#10 /home/deploy/placements/framework/web/CController.php(308): CInlineAction->runWithParams(Array)
#11 /home/deploy/placements/framework/web/filters/CFilterChain.php(133): CController->runAction(Object(CInlineAction))
#12 /home/deploy/placements/framework/web/filters/CFilter.php(40): CFilterChain->run()
#13 /home/deploy/placements/framework/web/CController.php(1145): CFilter->filter(Object(CFilterChain))
#14 /home/deploy/placements/framework/web/filters/CInlineFilter.php(58): CController->filterAccessControl(Object(CFilterChain))
#15 /home/deploy/placements/framework/web/filters/CFilterChain.php(130): CInlineFilter->filter(Object(CFilterChain))
#16 /home/deploy/placements/framework/web/CController.php(291): CFilterChain->run()
#17 /home/deploy/placements/framework/web/CController.php(265): CController->runActionWithFilters(Object(CInlineAction), Array)
#18 /home/deploy/placements/framework/web/CWebApplication.php(282): CController->run('new')
#19 /home/deploy/placements/framework/web/CWebApplication.php(141): CWebApplication->runController('registrationFor...')
#20 /home/deploy/placements/framework/base/CApplication.php(180): CWebApplication->processRequest()
#21 /home/deploy/placements/index.php(14): CApplication->run()
#22 {main}
REQUEST_URI=/index.php?r=registrationForm/new&college=IIMA
HTTP_REFERER=http://internship.hitwicket.com/
---
2013/10/22 14:05:43 [error] [system.db.CDbCommand] CDbCommand::fetchAll() failed: SQLSTATE[42S02]: Base table or view not found: 1146 Table 'placements.registration_form' doesn't exist. The SQL statement executed was: SHOW FULL COLUMNS FROM `registration_form`.
in /home/deploy/placements/protected/controllers/RegistrationFormController.php (114)
in /home/deploy/placements/index.php (14)
2013/10/22 14:05:43 [error] [exception.CDbException] exception 'CDbException' with message 'The table "registration_form" for active record class "RegistrationForm" cannot be found in the database.' in /home/deploy/placements/framework/db/ar/CActiveRecord.php:2362
Stack trace:
#0 /home/deploy/placements/framework/db/ar/CActiveRecord.php(411): CActiveRecordMetaData->__construct(Object(RegistrationForm))
#1 /home/deploy/placements/framework/db/ar/CActiveRecord.php(79): CActiveRecord->getMetaData()
#2 /home/deploy/placements/protected/controllers/RegistrationFormController.php(114): CActiveRecord->__construct()
#3 /home/deploy/placements/framework/web/actions/CInlineAction.php(49): RegistrationFormController->actionNew()
#4 /home/deploy/placements/framework/web/CController.php(308): CInlineAction->runWithParams(Array)
#5 /home/deploy/placements/framework/web/filters/CFilterChain.php(133): CController->runAction(Object(CInlineAction))
#6 /home/deploy/placements/framework/web/filters/CFilter.php(40): CFilterChain->run()
#7 /home/deploy/placements/framework/web/CController.php(1145): CFilter->filter(Object(CFilterChain))
#8 /home/deploy/placements/framework/web/filters/CInlineFilter.php(58): CController->filterAccessControl(Object(CFilterChain))
#9 /home/deploy/placements/framework/web/filters/CFilterChain.php(130): CInlineFilter->filter(Object(CFilterChain))
#10 /home/deploy/placements/framework/web/CController.php(291): CFilterChain->run()
#11 /home/deploy/placements/framework/web/CController.php(265): CController->runActionWithFilters(Object(CInlineAction), Array)
#12 /home/deploy/placements/framework/web/CWebApplication.php(282): CController->run('new')
#13 /home/deploy/placements/framework/web/CWebApplication.php(141): CWebApplication->runController('registrationFor...')
#14 /home/deploy/placements/framework/base/CApplication.php(180): CWebApplication->processRequest()
#15 /home/deploy/placements/index.php(14): CApplication->run()
#16 {main}
REQUEST_URI=/index.php?r=registrationForm/new&college=IIMA
HTTP_REFERER=http://internship.hitwicket.com/
---
2013/10/22 14:06:05 [error] [exception.CException] exception 'CException' with message 'Property "RegistrationForm.hitwicket_team_name" is not defined.' in /home/deploy/placements/framework/base/CComponent.php:130
Stack trace:
#0 /home/deploy/placements/framework/db/ar/CActiveRecord.php(145): CComponent->__get('hitwicket_team_...')
#1 /home/deploy/placements/framework/web/helpers/CHtml.php(2529): CActiveRecord->__get('hitwicket_team_...')
#2 /home/deploy/placements/framework/web/helpers/CHtml.php(2252): CHtml::resolveValue(Object(RegistrationForm), 'hitwicket_team_...')
#3 /home/deploy/placements/framework/web/helpers/CHtml.php(1434): CHtml::activeInputField('text', Object(RegistrationForm), 'hitwicket_team_...', Array)
#4 /home/deploy/placements/framework/web/widgets/CActiveForm.php(725): CHtml::activeTextField(Object(RegistrationForm), 'hitwicket_team_...', Array)
#5 /home/deploy/placements/protected/views/registrationForm/_form.php(43): CActiveForm->textField(Object(RegistrationForm), 'hitwicket_team_...', Array)
#6 /home/deploy/placements/framework/web/CBaseController.php(126): require('/home/deploy/pl...')
#7 /home/deploy/placements/framework/web/CBaseController.php(95): CBaseController->renderInternal('/home/deploy/pl...', Array, true)
#8 /home/deploy/placements/framework/web/CController.php(869): CBaseController->renderFile('/home/deploy/pl...', Array, true)
#9 /home/deploy/placements/protected/views/registrationForm/new.php(3): CController->renderPartial('_form', Array)
#10 /home/deploy/placements/framework/web/CBaseController.php(126): require('/home/deploy/pl...')
#11 /home/deploy/placements/framework/web/CBaseController.php(95): CBaseController->renderInternal('/home/deploy/pl...', Array, true)
#12 /home/deploy/placements/framework/web/CController.php(869): CBaseController->renderFile('/home/deploy/pl...', Array, true)
#13 /home/deploy/placements/framework/web/CController.php(782): CController->renderPartial('new', Array, true)
#14 /home/deploy/placements/protected/controllers/RegistrationFormController.php(157): CController->render('new', Array)
#15 /home/deploy/placements/framework/web/actions/CInlineAction.php(49): RegistrationFormController->actionNew()
#16 /home/deploy/placements/framework/web/CController.php(308): CInlineAction->runWithParams(Array)
#17 /home/deploy/placements/framework/web/filters/CFilterChain.php(133): CController->runAction(Object(CInlineAction))
#18 /home/deploy/placements/framework/web/filters/CFilter.php(40): CFilterChain->run()
#19 /home/deploy/placements/framework/web/CController.php(1145): CFilter->filter(Object(CFilterChain))
#20 /home/deploy/placements/framework/web/filters/CInlineFilter.php(58): CController->filterAccessControl(Object(CFilterChain))
#21 /home/deploy/placements/framework/web/filters/CFilterChain.php(130): CInlineFilter->filter(Object(CFilterChain))
#22 /home/deploy/placements/framework/web/CController.php(291): CFilterChain->run()
#23 /home/deploy/placements/framework/web/CController.php(265): CController->runActionWithFilters(Object(CInlineAction), Array)
#24 /home/deploy/placements/framework/web/CWebApplication.php(282): CController->run('new')
#25 /home/deploy/placements/framework/web/CWebApplication.php(141): CWebApplication->runController('registrationFor...')
#26 /home/deploy/placements/framework/base/CApplication.php(180): CWebApplication->processRequest()
#27 /home/deploy/placements/index.php(14): CApplication->run()
#28 {main}
REQUEST_URI=/index.php?r=registrationForm/new&college=IIMA
HTTP_REFERER=http://internship.hitwicket.com/
---
2013/10/22 14:06:08 [error] [exception.CException] exception 'CException' with message 'Property "RegistrationForm.hitwicket_team_name" is not defined.' in /home/deploy/placements/framework/base/CComponent.php:130
Stack trace:
#0 /home/deploy/placements/framework/db/ar/CActiveRecord.php(145): CComponent->__get('hitwicket_team_...')
#1 /home/deploy/placements/framework/web/helpers/CHtml.php(2529): CActiveRecord->__get('hitwicket_team_...')
#2 /home/deploy/placements/framework/web/helpers/CHtml.php(2252): CHtml::resolveValue(Object(RegistrationForm), 'hitwicket_team_...')
#3 /home/deploy/placements/framework/web/helpers/CHtml.php(1434): CHtml::activeInputField('text', Object(RegistrationForm), 'hitwicket_team_...', Array)
#4 /home/deploy/placements/framework/web/widgets/CActiveForm.php(725): CHtml::activeTextField(Object(RegistrationForm), 'hitwicket_team_...', Array)
#5 /home/deploy/placements/protected/views/registrationForm/_form.php(43): CActiveForm->textField(Object(RegistrationForm), 'hitwicket_team_...', Array)
#6 /home/deploy/placements/framework/web/CBaseController.php(126): require('/home/deploy/pl...')
#7 /home/deploy/placements/framework/web/CBaseController.php(95): CBaseController->renderInternal('/home/deploy/pl...', Array, true)
#8 /home/deploy/placements/framework/web/CController.php(869): CBaseController->renderFile('/home/deploy/pl...', Array, true)
#9 /home/deploy/placements/protected/views/registrationForm/new.php(3): CController->renderPartial('_form', Array)
#10 /home/deploy/placements/framework/web/CBaseController.php(126): require('/home/deploy/pl...')
#11 /home/deploy/placements/framework/web/CBaseController.php(95): CBaseController->renderInternal('/home/deploy/pl...', Array, true)
#12 /home/deploy/placements/framework/web/CController.php(869): CBaseController->renderFile('/home/deploy/pl...', Array, true)
#13 /home/deploy/placements/framework/web/CController.php(782): CController->renderPartial('new', Array, true)
#14 /home/deploy/placements/protected/controllers/RegistrationFormController.php(157): CController->render('new', Array)
#15 /home/deploy/placements/framework/web/actions/CInlineAction.php(49): RegistrationFormController->actionNew()
#16 /home/deploy/placements/framework/web/CController.php(308): CInlineAction->runWithParams(Array)
#17 /home/deploy/placements/framework/web/filters/CFilterChain.php(133): CController->runAction(Object(CInlineAction))
#18 /home/deploy/placements/framework/web/filters/CFilter.php(40): CFilterChain->run()
#19 /home/deploy/placements/framework/web/CController.php(1145): CFilter->filter(Object(CFilterChain))
#20 /home/deploy/placements/framework/web/filters/CInlineFilter.php(58): CController->filterAccessControl(Object(CFilterChain))
#21 /home/deploy/placements/framework/web/filters/CFilterChain.php(130): CInlineFilter->filter(Object(CFilterChain))
#22 /home/deploy/placements/framework/web/CController.php(291): CFilterChain->run()
#23 /home/deploy/placements/framework/web/CController.php(265): CController->runActionWithFilters(Object(CInlineAction), Array)
#24 /home/deploy/placements/framework/web/CWebApplication.php(282): CController->run('new')
#25 /home/deploy/placements/framework/web/CWebApplication.php(141): CWebApplication->runController('registrationFor...')
#26 /home/deploy/placements/framework/base/CApplication.php(180): CWebApplication->processRequest()
#27 /home/deploy/placements/index.php(14): CApplication->run()
#28 {main}
REQUEST_URI=/index.php?r=registrationForm/new&college=IIMA
HTTP_REFERER=http://internship.hitwicket.com/
---
2013/10/22 14:06:10 [error] [exception.CException] exception 'CException' with message 'Property "RegistrationForm.hitwicket_team_name" is not defined.' in /home/deploy/placements/framework/base/CComponent.php:130
Stack trace:
#0 /home/deploy/placements/framework/db/ar/CActiveRecord.php(145): CComponent->__get('hitwicket_team_...')
#1 /home/deploy/placements/framework/web/helpers/CHtml.php(2529): CActiveRecord->__get('hitwicket_team_...')
#2 /home/deploy/placements/framework/web/helpers/CHtml.php(2252): CHtml::resolveValue(Object(RegistrationForm), 'hitwicket_team_...')
#3 /home/deploy/placements/framework/web/helpers/CHtml.php(1434): CHtml::activeInputField('text', Object(RegistrationForm), 'hitwicket_team_...', Array)
#4 /home/deploy/placements/framework/web/widgets/CActiveForm.php(725): CHtml::activeTextField(Object(RegistrationForm), 'hitwicket_team_...', Array)
#5 /home/deploy/placements/protected/views/registrationForm/_form.php(43): CActiveForm->textField(Object(RegistrationForm), 'hitwicket_team_...', Array)
#6 /home/deploy/placements/framework/web/CBaseController.php(126): require('/home/deploy/pl...')
#7 /home/deploy/placements/framework/web/CBaseController.php(95): CBaseController->renderInternal('/home/deploy/pl...', Array, true)
#8 /home/deploy/placements/framework/web/CController.php(869): CBaseController->renderFile('/home/deploy/pl...', Array, true)
#9 /home/deploy/placements/protected/views/registrationForm/new.php(3): CController->renderPartial('_form', Array)
#10 /home/deploy/placements/framework/web/CBaseController.php(126): require('/home/deploy/pl...')
#11 /home/deploy/placements/framework/web/CBaseController.php(95): CBaseController->renderInternal('/home/deploy/pl...', Array, true)
#12 /home/deploy/placements/framework/web/CController.php(869): CBaseController->renderFile('/home/deploy/pl...', Array, true)
#13 /home/deploy/placements/framework/web/CController.php(782): CController->renderPartial('new', Array, true)
#14 /home/deploy/placements/protected/controllers/RegistrationFormController.php(157): CController->render('new', Array)
#15 /home/deploy/placements/framework/web/actions/CInlineAction.php(49): RegistrationFormController->actionNew()
#16 /home/deploy/placements/framework/web/CController.php(308): CInlineAction->runWithParams(Array)
#17 /home/deploy/placements/framework/web/filters/CFilterChain.php(133): CController->runAction(Object(CInlineAction))
#18 /home/deploy/placements/framework/web/filters/CFilter.php(40): CFilterChain->run()
#19 /home/deploy/placements/framework/web/CController.php(1145): CFilter->filter(Object(CFilterChain))
#20 /home/deploy/placements/framework/web/filters/CInlineFilter.php(58): CController->filterAccessControl(Object(CFilterChain))
#21 /home/deploy/placements/framework/web/filters/CFilterChain.php(130): CInlineFilter->filter(Object(CFilterChain))
#22 /home/deploy/placements/framework/web/CController.php(291): CFilterChain->run()
#23 /home/deploy/placements/framework/web/CController.php(265): CController->runActionWithFilters(Object(CInlineAction), Array)
#24 /home/deploy/placements/framework/web/CWebApplication.php(282): CController->run('new')
#25 /home/deploy/placements/framework/web/CWebApplication.php(141): CWebApplication->runController('registrationFor...')
#26 /home/deploy/placements/framework/base/CApplication.php(180): CWebApplication->processRequest()
#27 /home/deploy/placements/index.php(14): CApplication->run()
#28 {main}
REQUEST_URI=/index.php?r=registrationForm/new&college=IIMA
HTTP_REFERER=http://internship.hitwicket.com/
---
2013/10/22 14:09:07 [error] [exception.CException] exception 'CException' with message 'CAssetManager.basePath "/home/deploy/placements/assets" is invalid. Please make sure the directory exists and is writable by the Web server process.' in /home/deploy/placements/framework/web/CAssetManager.php:138
Stack trace:
#0 /home/deploy/placements/framework/web/CAssetManager.php(123): CAssetManager->setBasePath('/home/deploy/pl...')
#1 /home/deploy/placements/framework/web/CAssetManager.php(217): CAssetManager->getBasePath()
#2 /home/deploy/placements/framework/web/CClientScript.php(510): CAssetManager->publish('/home/deploy/pl...')
#3 /home/deploy/placements/framework/web/CClientScript.php(547): CClientScript->getCoreScriptUrl()
#4 /home/deploy/placements/framework/web/CClientScript.php(348): CClientScript->getPackageBaseUrl('jquery')
#5 /home/deploy/placements/framework/web/CClientScript.php(208): CClientScript->renderCoreScripts()
#6 /home/deploy/placements/framework/web/CController.php(351): CClientScript->render('<!DOCTYPE html ...')
#7 /home/deploy/placements/framework/web/CController.php(788): CController->processOutput('<!DOCTYPE html ...')
#8 /home/deploy/placements/protected/controllers/SiteController.php(73): CController->render('login', Array)
#9 /home/deploy/placements/framework/web/actions/CInlineAction.php(49): SiteController->actionLogin()
#10 /home/deploy/placements/framework/web/CController.php(308): CInlineAction->runWithParams(Array)
#11 /home/deploy/placements/framework/web/CController.php(286): CController->runAction(Object(CInlineAction))
#12 /home/deploy/placements/framework/web/CController.php(265): CController->runActionWithFilters(Object(CInlineAction), Array)
#13 /home/deploy/placements/framework/web/CWebApplication.php(282): CController->run('login')
#14 /home/deploy/placements/framework/web/CWebApplication.php(141): CWebApplication->runController('site/login')
#15 /home/deploy/placements/framework/base/CApplication.php(180): CWebApplication->processRequest()
#16 /home/deploy/placements/index.php(14): CApplication->run()
#17 {main}
REQUEST_URI=/index.php?r=site/login
---
2013/10/22 14:09:50 [error] [exception.CException] exception 'CException' with message 'CAssetManager.basePath "/home/deploy/placements/assets" is invalid. Please make sure the directory exists and is writable by the Web server process.' in /home/deploy/placements/framework/web/CAssetManager.php:138
Stack trace:
#0 /home/deploy/placements/framework/web/CAssetManager.php(123): CAssetManager->setBasePath('/home/deploy/pl...')
#1 /home/deploy/placements/framework/web/CAssetManager.php(217): CAssetManager->getBasePath()
#2 /home/deploy/placements/framework/web/CClientScript.php(510): CAssetManager->publish('/home/deploy/pl...')
#3 /home/deploy/placements/framework/web/CClientScript.php(547): CClientScript->getCoreScriptUrl()
#4 /home/deploy/placements/framework/web/CClientScript.php(348): CClientScript->getPackageBaseUrl('jquery')
#5 /home/deploy/placements/framework/web/CClientScript.php(208): CClientScript->renderCoreScripts()
#6 /home/deploy/placements/framework/web/CController.php(351): CClientScript->render('<!DOCTYPE html ...')
#7 /home/deploy/placements/framework/web/CController.php(788): CController->processOutput('<!DOCTYPE html ...')
#8 /home/deploy/placements/protected/controllers/SiteController.php(73): CController->render('login', Array)
#9 /home/deploy/placements/framework/web/actions/CInlineAction.php(49): SiteController->actionLogin()
#10 /home/deploy/placements/framework/web/CController.php(308): CInlineAction->runWithParams(Array)
#11 /home/deploy/placements/framework/web/CController.php(286): CController->runAction(Object(CInlineAction))
#12 /home/deploy/placements/framework/web/CController.php(265): CController->runActionWithFilters(Object(CInlineAction), Array)
#13 /home/deploy/placements/framework/web/CWebApplication.php(282): CController->run('login')
#14 /home/deploy/placements/framework/web/CWebApplication.php(141): CWebApplication->runController('site/login')
#15 /home/deploy/placements/framework/base/CApplication.php(180): CWebApplication->processRequest()
#16 /home/deploy/placements/index.php(14): CApplication->run()
#17 {main}
REQUEST_URI=/index.php?r=site/login
---
2013/10/22 14:09:52 [error] [exception.CException] exception 'CException' with message 'CAssetManager.basePath "/home/deploy/placements/assets" is invalid. Please make sure the directory exists and is writable by the Web server process.' in /home/deploy/placements/framework/web/CAssetManager.php:138
Stack trace:
#0 /home/deploy/placements/framework/web/CAssetManager.php(123): CAssetManager->setBasePath('/home/deploy/pl...')
#1 /home/deploy/placements/framework/web/CAssetManager.php(217): CAssetManager->getBasePath()
#2 /home/deploy/placements/framework/web/CClientScript.php(510): CAssetManager->publish('/home/deploy/pl...')
#3 /home/deploy/placements/framework/web/CClientScript.php(547): CClientScript->getCoreScriptUrl()
#4 /home/deploy/placements/framework/web/CClientScript.php(348): CClientScript->getPackageBaseUrl('jquery')
#5 /home/deploy/placements/framework/web/CClientScript.php(208): CClientScript->renderCoreScripts()
#6 /home/deploy/placements/framework/web/CController.php(351): CClientScript->render('<!DOCTYPE html ...')
#7 /home/deploy/placements/framework/web/CController.php(788): CController->processOutput('<!DOCTYPE html ...')
#8 /home/deploy/placements/protected/controllers/SiteController.php(73): CController->render('login', Array)
#9 /home/deploy/placements/framework/web/actions/CInlineAction.php(49): SiteController->actionLogin()
#10 /home/deploy/placements/framework/web/CController.php(308): CInlineAction->runWithParams(Array)
#11 /home/deploy/placements/framework/web/CController.php(286): CController->runAction(Object(CInlineAction))
#12 /home/deploy/placements/framework/web/CController.php(265): CController->runActionWithFilters(Object(CInlineAction), Array)
#13 /home/deploy/placements/framework/web/CWebApplication.php(282): CController->run('login')
#14 /home/deploy/placements/framework/web/CWebApplication.php(141): CWebApplication->runController('site/login')
#15 /home/deploy/placements/framework/base/CApplication.php(180): CWebApplication->processRequest()
#16 /home/deploy/placements/index.php(14): CApplication->run()
#17 {main}
REQUEST_URI=/index.php?r=site/login
---
